<?xml version="1.0" encoding="UTF-8"?>
<!-- Generated by org.testng.reporters.JUnitReportReporter -->
<testsuite skipped="0" hostname="MacBook-Pro.local" name="com.qa.hotels_com.tests.HomePageTest" tests="1" failures="0" timestamp="20 Oct 2020 02:38:49 GMT" time="9.470" errors="0">
  <testcase name="selectWhereToGo" time="9.470" classname="com.qa.hotels_com.tests.HomePageTest"/>
</testsuite> <!-- com.qa.hotels_com.tests.HomePageTest -->
